<?xml version="1.0" encoding="UTF-8"?>
<!-- Generated by org.testng.reporters.JUnitXMLReporter -->
<testsuite ignored="0" hostname="lin81002596" failures="0" tests="5" name="Test" time="18.744" errors="0" timestamp="2023-11-30T16:20:33 IST">
  <testcase classname="TestNG.TAnnotations" name="Loginsucessful" time="0.015"/>
  <testcase classname="TestNG.TAnnotations" name="titlevalidation" time="0.004"/>
  <testcase classname="TestNG.TAnnotations" name="searchproduct" time="0.004"/>
  <testcase classname="TestNG.LOGINFORDEMOWEBSITE" name="browserSetup" time="17.139"/>
  <testcase classname="TestNG.LOGINFORDEMOWEBSITE" name="test" time="1.429"/>
</testsuite> <!-- Test -->
